Arguments: 
  /usr/bin/node /usr/share/yarn/bin/yarn.js init -y

PATH: 
  /usr/local/sbin:/usr/local/bin:/usr/sbin:/usr/bin:/sbin:/bin:/usr/games:/usr/local/games:/snap/bin:/usr/lib/jvm/jdk-14.0.2/bin:/home/gibraan/Android/Sdk/emulator:/home/gibraan/Android/Sdk/tools:/home/gibraan/Android/Sdk/tools/bin:/home/gibraan/Android/Sdk/platform-tools

Yarn version: 
  1.22.5

Node version: 
  12.19.0

Platform: 
  linux x64

Trace: 
  SyntaxError: /home/gibraan/ReactNativeProjects/YarnExperiment/package.json: Unexpected end of JSON input
      at JSON.parse (<anonymous>)
      at /usr/share/yarn/lib/cli.js:1625:59
      at Generator.next (<anonymous>)
      at step (/usr/share/yarn/lib/cli.js:310:30)
      at /usr/share/yarn/lib/cli.js:321:13

npm manifest: 
  No manifest

yarn manifest: 
  No manifest

Lockfile: 
  No lockfile
